<?xml version="1.0" encoding="UTF-8"?>
<testng-results skipped="0" failed="0" ignored="0" total="1" passed="1">
  <reporter-output>
  </reporter-output>
  <suite name="Default suite" duration-ms="20904" started-at="2017-08-18T10:00:34Z" finished-at="2017-08-18T10:00:54Z">
    <groups>
    </groups>
    <test name="Default test" duration-ms="20904" started-at="2017-08-18T10:00:34Z" finished-at="2017-08-18T10:00:54Z">
      <class name="com.wordpress.Testcases.VerifyWordpressLogin1">
        <test-method status="PASS" signature="verifyValidLogin()[pri:0, instance:com.wordpress.Testcases.VerifyWordpressLogin1@29ee9faa]" name="verifyValidLogin" duration-ms="20884" started-at="2017-08-18T15:30:34Z" finished-at="2017-08-18T15:30:54Z">
          <reporter-output>
          </reporter-output>
        </test-method> <!-- verifyValidLogin -->
      </class> <!-- com.wordpress.Testcases.VerifyWordpressLogin1 -->
    </test> <!-- Default test -->
  </suite> <!-- Default suite -->
</testng-results>
